<?xml version="1.0" encoding="UTF-8"?>
<testng-results skipped="0" failed="0" total="1" passed="1">
  <reporter-output>
  </reporter-output>
  <suite name="Suite" duration-ms="130073" started-at="2019-07-31T05:44:59Z" finished-at="2019-07-31T05:47:09Z">
    <groups>
      <group name="cucumber">
        <method signature="AbstractTestNGCucumberTests.feature(cucumber.api.testng.CucumberFeatureWrapper)[pri:0, instance:runner.RunCuke@53b32d7]" name="feature" class="cucumber.api.testng.AbstractTestNGCucumberTests"/>
      </group> <!-- cucumber -->
    </groups>
    <test name="Test" duration-ms="130073" started-at="2019-07-31T05:44:59Z" finished-at="2019-07-31T05:47:09Z">
      <class name="runner.RunCuke">
        <test-method status="PASS" signature="setUpClass()[pri:0, instance:runner.RunCuke@53b32d7]" name="setUpClass" is-config="true" duration-ms="293" started-at="2019-07-31T11:14:59Z" finished-at="2019-07-31T11:14:59Z">
          <reporter-output>
          </reporter-output>
        </test-method> <!-- setUpClass -->
        <test-method status="PASS" signature="setup()[pri:0, instance:runner.RunCuke@53b32d7]" name="setup" is-config="true" duration-ms="206" started-at="2019-07-31T11:14:59Z" finished-at="2019-07-31T11:15:00Z">
          <reporter-output>
          </reporter-output>
        </test-method> <!-- setup -->
        <test-method status="PASS" signature="feature(cucumber.api.testng.CucumberFeatureWrapper)[pri:0, instance:runner.RunCuke@53b32d7]" name="feature" duration-ms="129266" started-at="2019-07-31T11:15:00Z" description="Runs Cucumber Feature" data-provider="features" finished-at="2019-07-31T11:17:09Z">
          <params>
            <param index="0">
              <value>
                <![CDATA[Gspann Apeture SOW Create]]>
              </value>
            </param>
          </params>
          <reporter-output>
          </reporter-output>
        </test-method> <!-- feature -->
        <test-method status="PASS" signature="tearDownClass()[pri:0, instance:runner.RunCuke@53b32d7]" name="tearDownClass" is-config="true" duration-ms="213" started-at="2019-07-31T11:17:09Z" finished-at="2019-07-31T11:17:09Z">
          <reporter-output>
          </reporter-output>
        </test-method> <!-- tearDownClass -->
      </class> <!-- runner.RunCuke -->
    </test> <!-- Test -->
  </suite> <!-- Suite -->
</testng-results>
